<?xml version="1.0" encoding="utf-8"?><testsuites name="pytest tests"><testsuite name="pytest" errors="0" failures="0" skipped="0" tests="12" time="3.589" timestamp="2026-08-11T03:20:24.541286+00:00" hostname="agent-env-24e3528c-bcfb-4601-b1bc-945f6d9cc3e6"><testcase classname="backend.tests.test_meridian_admin.TestAuth" name="test_login_success_sets_cookie_and_me" time="0.563" /><testcase classname="backend.tests.test_meridian_admin.TestAuth" name="test_login_wrong_password_401" time="0.312" /><testcase classname="backend.tests.test_meridian_admin.TestAuth" name="test_login_lockout_after_5_failures" time="0.265" /><testcase classname="backend.tests.test_meridian_admin.TestAuth" name="test_me_without_auth_401" time="0.085" /><testcase classname="backend.tests.test_meridian_admin.TestAuth" name="test_logout_clears_cookie" time="0.376" /><testcase classname="backend.tests.test_meridian_admin.TestAdmin" name="test_appointments_requires_auth" time="0.072" /><testcase classname="backend.tests.test_meridian_admin.TestAdmin" name="test_stats_requires_auth" time="0.094" /><testcase classname="backend.tests.test_meridian_admin.TestAdmin" name="test_admin_appointments_list" time="0.364" /><testcase classname="backend.tests.test_meridian_admin.TestAdmin" name="test_admin_stats_structure" time="0.333" /><testcase classname="backend.tests.test_meridian_admin.TestAdmin" name="test_patch_status_flow" time="0.673" /><testcase classname="backend.tests.test_meridian_admin.TestSpamShield" name="test_honeypot_silently_ignored" time="0.108" /><testcase classname="backend.tests.test_meridian_admin.TestSpamShield" name="test_rate_limit_more_than_5_per_hour" time="0.264" /></testsuite></testsuites>