<?xml version="1.0" encoding="utf-8"?><testsuites name="pytest tests"><testsuite name="pytest" errors="0" failures="0" skipped="0" tests="31" time="4.649" timestamp="2026-08-11T03:33:45.632762+00:00" hostname="agent-env-24e3528c-bcfb-4601-b1bc-945f6d9cc3e6"><testcase classname="backend.tests.test_meridian_admin.TestAuth" name="test_login_success_sets_cookie_and_me" time="0.407" /><testcase classname="backend.tests.test_meridian_admin.TestAuth" name="test_login_wrong_password_401" time="0.297" /><testcase classname="backend.tests.test_meridian_admin.TestAuth" name="test_login_lockout_after_5_failures" time="0.284" /><testcase classname="backend.tests.test_meridian_admin.TestAuth" name="test_me_without_auth_401" time="0.069" /><testcase classname="backend.tests.test_meridian_admin.TestAuth" name="test_logout_clears_cookie" time="0.342" /><testcase classname="backend.tests.test_meridian_admin.TestAdmin" name="test_appointments_requires_auth" time="0.083" /><testcase classname="backend.tests.test_meridian_admin.TestAdmin" name="test_stats_requires_auth" time="0.067" /><testcase classname="backend.tests.test_meridian_admin.TestAdmin" name="test_admin_appointments_list" time="0.334" /><testcase classname="backend.tests.test_meridian_admin.TestAdmin" name="test_admin_stats_structure" time="0.337" /><testcase classname="backend.tests.test_meridian_admin.TestAdmin" name="test_patch_status_flow" time="0.470" /><testcase classname="backend.tests.test_meridian_admin.TestSpamShield" name="test_honeypot_silently_ignored" time="0.126" /><testcase classname="backend.tests.test_meridian_admin.TestSpamShield" name="test_rate_limit_more_than_5_per_hour" time="0.248" /><testcase classname="backend.tests.test_meridian_api" name="test_health" time="0.072" /><testcase classname="backend.tests.test_meridian_api" name="test_availability_structure" time="0.036" /><testcase classname="backend.tests.test_meridian_api" name="test_create_appointment_success_and_persistence" time="0.398" /><testcase classname="backend.tests.test_meridian_api" name="test_create_appointment_duplicate_conflict" time="0.098" /><testcase classname="backend.tests.test_meridian_api" name="test_create_appointment_invalid_slot" time="0.032" /><testcase classname="backend.tests.test_meridian_api" name="test_create_appointment_missing_name" time="0.064" /><testcase classname="backend.tests.test_meridian_api" name="test_create_appointment_invalid_email" time="0.061" /><testcase classname="backend.tests.test_meridian_api" name="test_zzz_cleanup" time="0.003" /><testcase classname="backend.tests.test_meridian_csv_notes.TestCsvExport" name="test_csv_requires_auth" time="0.073" /><testcase classname="backend.tests.test_meridian_csv_notes.TestCsvExport" name="test_csv_headers_and_first_line" time="0.325" /><testcase classname="backend.tests.test_meridian_csv_notes.TestCsvExport" name="test_csv_date_range_filter" time="0.057" /><testcase classname="backend.tests.test_meridian_csv_notes.TestCsvExport" name="test_csv_no_rows_returns_header_only" time="0.026" /><testcase classname="backend.tests.test_meridian_csv_notes.TestNotesPatch" name="test_patch_notes_only" time="0.113" /><testcase classname="backend.tests.test_meridian_csv_notes.TestNotesPatch" name="test_patch_status_only_still_works" time="0.025" /><testcase classname="backend.tests.test_meridian_csv_notes.TestNotesPatch" name="test_patch_both_fields" time="0.025" /><testcase classname="backend.tests.test_meridian_csv_notes.TestNotesPatch" name="test_patch_empty_body_400" time="0.027" /><testcase classname="backend.tests.test_meridian_csv_notes.TestNotesPatch" name="test_patch_invalid_status_400" time="0.025" /><testcase classname="backend.tests.test_meridian_csv_notes.TestNotesPatch" name="test_patch_unknown_id_404" time="0.025" /><testcase classname="backend.tests.test_meridian_csv_notes.TestNotesPatch" name="test_list_returns_notes_field_including_legacy" time="0.030" /></testsuite></testsuites>