<?xml version="1.0" encoding="utf-8"?><testsuites name="pytest tests"><testsuite name="pytest" errors="0" failures="0" skipped="0" tests="11" time="1.244" timestamp="2026-08-11T03:33:37.699056+00:00" hostname="agent-env-24e3528c-bcfb-4601-b1bc-945f6d9cc3e6"><testcase classname="backend.tests.test_meridian_csv_notes.TestCsvExport" name="test_csv_requires_auth" time="0.297" /><testcase classname="backend.tests.test_meridian_csv_notes.TestCsvExport" name="test_csv_headers_and_first_line" time="0.472" /><testcase classname="backend.tests.test_meridian_csv_notes.TestCsvExport" name="test_csv_date_range_filter" time="0.063" /><testcase classname="backend.tests.test_meridian_csv_notes.TestCsvExport" name="test_csv_no_rows_returns_header_only" time="0.031" /><testcase classname="backend.tests.test_meridian_csv_notes.TestNotesPatch" name="test_patch_notes_only" time="0.140" /><testcase classname="backend.tests.test_meridian_csv_notes.TestNotesPatch" name="test_patch_status_only_still_works" time="0.032" /><testcase classname="backend.tests.test_meridian_csv_notes.TestNotesPatch" name="test_patch_both_fields" time="0.031" /><testcase classname="backend.tests.test_meridian_csv_notes.TestNotesPatch" name="test_patch_empty_body_400" time="0.032" /><testcase classname="backend.tests.test_meridian_csv_notes.TestNotesPatch" name="test_patch_invalid_status_400" time="0.030" /><testcase classname="backend.tests.test_meridian_csv_notes.TestNotesPatch" name="test_patch_unknown_id_404" time="0.033" /><testcase classname="backend.tests.test_meridian_csv_notes.TestNotesPatch" name="test_list_returns_notes_field_including_legacy" time="0.034" /></testsuite></testsuites>