<?xml version="1.0" encoding="utf-8"?><testsuites name="pytest tests"><testsuite name="pytest" errors="0" failures="0" skipped="0" tests="41" time="8.182" timestamp="2026-08-11T03:48:05.541041+00:00" hostname="agent-env-24e3528c-bcfb-4601-b1bc-945f6d9cc3e6"><testcase classname="backend.tests.test_meridian_admin.TestAuth" name="test_login_success_sets_cookie_and_me" time="0.677" /><testcase classname="backend.tests.test_meridian_admin.TestAuth" name="test_login_wrong_password_401" time="0.319" /><testcase classname="backend.tests.test_meridian_admin.TestAuth" name="test_login_lockout_after_5_failures" time="0.247" /><testcase classname="backend.tests.test_meridian_admin.TestAuth" name="test_me_without_auth_401" time="0.076" /><testcase classname="backend.tests.test_meridian_admin.TestAuth" name="test_logout_clears_cookie" time="0.371" /><testcase classname="backend.tests.test_meridian_admin.TestAdmin" name="test_appointments_requires_auth" time="0.083" /><testcase classname="backend.tests.test_meridian_admin.TestAdmin" name="test_stats_requires_auth" time="0.069" /><testcase classname="backend.tests.test_meridian_admin.TestAdmin" name="test_admin_appointments_list" time="0.325" /><testcase classname="backend.tests.test_meridian_admin.TestAdmin" name="test_admin_stats_structure" time="0.368" /><testcase classname="backend.tests.test_meridian_admin.TestAdmin" name="test_patch_status_flow" time="0.516" /><testcase classname="backend.tests.test_meridian_admin.TestSpamShield" name="test_honeypot_silently_ignored" time="0.108" /><testcase classname="backend.tests.test_meridian_admin.TestSpamShield" name="test_rate_limit_more_than_5_per_hour" time="0.250" /><testcase classname="backend.tests.test_meridian_api" name="test_health" time="0.064" /><testcase classname="backend.tests.test_meridian_api" name="test_availability_structure" time="0.028" /><testcase classname="backend.tests.test_meridian_api" name="test_create_appointment_success_and_persistence" time="0.367" /><testcase classname="backend.tests.test_meridian_api" name="test_create_appointment_duplicate_conflict" time="0.081" /><testcase classname="backend.tests.test_meridian_api" name="test_create_appointment_invalid_slot" time="0.059" /><testcase classname="backend.tests.test_meridian_api" name="test_create_appointment_missing_name" time="0.053" /><testcase classname="backend.tests.test_meridian_api" name="test_create_appointment_invalid_email" time="0.063" /><testcase classname="backend.tests.test_meridian_api" name="test_zzz_cleanup" time="0.004" /><testcase classname="backend.tests.test_meridian_bulk.TestBulk" name="test_bulk_requires_auth" time="0.086" /><testcase classname="backend.tests.test_meridian_bulk.TestBulk" name="test_bulk_confirm_two_valid_updates_db" time="0.334" /><testcase classname="backend.tests.test_meridian_bulk.TestBulk" name="test_bulk_invalid_status_400" time="0.341" /><testcase classname="backend.tests.test_meridian_bulk.TestBulk" name="test_bulk_empty_ids_422" time="0.339" /><testcase classname="backend.tests.test_meridian_bulk.TestBulk" name="test_bulk_over_200_ids_422" time="0.349" /><testcase classname="backend.tests.test_meridian_bulk.TestBulk" name="test_bulk_all_nonexistent_returns_zero" time="0.360" /><testcase classname="backend.tests.test_meridian_bulk.TestBulk" name="test_bulk_mixed_valid_and_nonexistent" time="0.343" /><testcase classname="backend.tests.test_meridian_bulk.TestBulk" name="test_bulk_already_target_status_modified_less" time="0.326" /><testcase classname="backend.tests.test_meridian_bulk.TestBulk" name="test_single_patch_still_works_status_only" time="0.344" /><testcase classname="backend.tests.test_meridian_bulk.TestBulk" name="test_single_patch_still_works_notes_only" time="0.323" /><testcase classname="backend.tests.test_meridian_csv_notes.TestCsvExport" name="test_csv_requires_auth" time="0.075" /><testcase classname="backend.tests.test_meridian_csv_notes.TestCsvExport" name="test_csv_headers_and_first_line" time="0.328" /><testcase classname="backend.tests.test_meridian_csv_notes.TestCsvExport" name="test_csv_date_range_filter" time="0.059" /><testcase classname="backend.tests.test_meridian_csv_notes.TestCsvExport" name="test_csv_no_rows_returns_header_only" time="0.026" /><testcase classname="backend.tests.test_meridian_csv_notes.TestNotesPatch" name="test_patch_notes_only" time="0.164" /><testcase classname="backend.tests.test_meridian_csv_notes.TestNotesPatch" name="test_patch_status_only_still_works" time="0.027" /><testcase classname="backend.tests.test_meridian_csv_notes.TestNotesPatch" name="test_patch_both_fields" time="0.026" /><testcase classname="backend.tests.test_meridian_csv_notes.TestNotesPatch" name="test_patch_empty_body_400" time="0.025" /><testcase classname="backend.tests.test_meridian_csv_notes.TestNotesPatch" name="test_patch_invalid_status_400" time="0.025" /><testcase classname="backend.tests.test_meridian_csv_notes.TestNotesPatch" name="test_patch_unknown_id_404" time="0.028" /><testcase classname="backend.tests.test_meridian_csv_notes.TestNotesPatch" name="test_list_returns_notes_field_including_legacy" time="0.030" /></testsuite></testsuites>