<?xml version="1.0" encoding="utf-8"?><testsuites name="pytest tests"><testsuite name="pytest" errors="0" failures="0" skipped="0" tests="8" time="1.058" timestamp="2026-08-11T03:03:32.324858+00:00" hostname="agent-env-24e3528c-bcfb-4601-b1bc-945f6d9cc3e6"><testcase classname="backend.tests.test_meridian_api" name="test_health" time="0.374" /><testcase classname="backend.tests.test_meridian_api" name="test_availability_structure" time="0.035" /><testcase classname="backend.tests.test_meridian_api" name="test_create_appointment_success_and_persistence" time="0.250" /><testcase classname="backend.tests.test_meridian_api" name="test_create_appointment_duplicate_conflict" time="0.093" /><testcase classname="backend.tests.test_meridian_api" name="test_create_appointment_invalid_slot" time="0.032" /><testcase classname="backend.tests.test_meridian_api" name="test_create_appointment_missing_name" time="0.062" /><testcase classname="backend.tests.test_meridian_api" name="test_create_appointment_invalid_email" time="0.059" /><testcase classname="backend.tests.test_meridian_api" name="test_zzz_cleanup" time="0.067" /></testsuite></testsuites>